<?xml version="1.0" encoding="UTF-8"?>
<!-- Generated by org.testng.reporters.JUnitReportReporter -->
<testsuite hostname="QSP" failures="0" tests="1" name="testScripts.AddingTocart" time="21.624" errors="0" timestamp="2022-03-18T06:44:17 IST" skipped="0">
  <testcase classname="testScripts.AddingTocart" name="tc1" time="21.624"/>
</testsuite> <!-- testScripts.AddingTocart -->
