<?xml version="1.0" encoding="UTF-8"?>
<!-- Generated by org.testng.reporters.JUnitReportReporter -->
<testsuite hostname="QSP" failures="0" tests="1" name="testScripts.TwitetrPgae" time="23.933" errors="0" timestamp="2022-03-18T06:44:17 IST" skipped="0">
  <testcase classname="testScripts.TwitetrPgae" name="tc3" time="23.933"/>
</testsuite> <!-- testScripts.TwitetrPgae -->
