<?xml version="1.0" encoding="UTF-8"?>
<!-- Generated by org.testng.reporters.JUnitReportReporter -->
<testsuite hostname="QSP" failures="0" tests="1" name="testScripts.Facebook" time="12.454" errors="0" timestamp="2022-03-18T06:44:17 IST" skipped="0">
  <testcase classname="testScripts.Facebook" name="tc2" time="12.454"/>
</testsuite> <!-- testScripts.Facebook -->
